<?xml version="1.0" encoding="UTF-8"?>
<testng-results skipped="0" failed="0" ignored="0" total="1" passed="1">
  <reporter-output>
  </reporter-output>
  <suite name="Default suite" duration-ms="1442" started-at="2021-12-03T12:11:23Z" finished-at="2021-12-03T12:11:25Z">
    <groups>
    </groups>
    <test name="Default test" duration-ms="1442" started-at="2021-12-03T12:11:23Z" finished-at="2021-12-03T12:11:25Z">
      <class name="RestAPIBDD.GetRequest">
        <test-method status="PASS" signature="GetCall()[pri:0, instance:RestAPIBDD.GetRequest@8646db9]" name="GetCall" duration-ms="1413" started-at="2021-12-03T12:11:23Z" finished-at="2021-12-03T12:11:25Z">
          <reporter-output>
          </reporter-output>
        </test-method> <!-- GetCall -->
      </class> <!-- RestAPIBDD.GetRequest -->
    </test> <!-- Default test -->
  </suite> <!-- Default suite -->
</testng-results>
